[21-Feb-2018 01:50:21 UTC] PHP Fatal error:  Cannot redeclare blankslate_setup() (previously declared in /home/ubuntu/workspace/wp-content/themes/blankslate-child/functions.php:3) in /home/ubuntu/workspace/wp-content/themes/blankslate/functions.php on line 3
[21-Feb-2018 01:50:21 UTC] PHP Stack trace:
[21-Feb-2018 01:50:21 UTC] PHP   1. {main}() /home/ubuntu/workspace/wp-admin/themes.php:0
[21-Feb-2018 01:50:21 UTC] PHP   2. require_once() /home/ubuntu/workspace/wp-admin/themes.php:10
[21-Feb-2018 01:50:21 UTC] PHP   3. require_once() /home/ubuntu/workspace/wp-admin/admin.php:31
[21-Feb-2018 01:50:21 UTC] PHP   4. require_once() /home/ubuntu/workspace/wp-load.php:37
[21-Feb-2018 01:50:21 UTC] PHP   5. require_once() /home/ubuntu/workspace/wp-config.php:79
[21-Feb-2018 01:51:21 UTC] PHP Fatal error:  Cannot redeclare blankslate_setup() (previously declared in /home/ubuntu/workspace/wp-content/themes/blankslate-child/functions.php:3) in /home/ubuntu/workspace/wp-content/themes/blankslate/functions.php on line 3
[21-Feb-2018 01:51:21 UTC] PHP Stack trace:
[21-Feb-2018 01:51:21 UTC] PHP   1. {main}() /home/ubuntu/workspace/wp-admin/themes.php:0
[21-Feb-2018 01:51:21 UTC] PHP   2. require_once() /home/ubuntu/workspace/wp-admin/themes.php:10
[21-Feb-2018 01:51:21 UTC] PHP   3. require_once() /home/ubuntu/workspace/wp-admin/admin.php:31
[21-Feb-2018 01:51:21 UTC] PHP   4. require_once() /home/ubuntu/workspace/wp-load.php:37
[21-Feb-2018 01:51:21 UTC] PHP   5. require_once() /home/ubuntu/workspace/wp-config.php:79
[21-Feb-2018 01:52:32 UTC] PHP Fatal error:  Cannot redeclare blankslate_setup() (previously declared in /home/ubuntu/workspace/wp-content/themes/blankslate-child/functions.php:3) in /home/ubuntu/workspace/wp-content/themes/blankslate/functions.php on line 3
[21-Feb-2018 01:52:32 UTC] PHP Stack trace:
[21-Feb-2018 01:52:32 UTC] PHP   1. {main}() /home/ubuntu/workspace/wp-admin/admin-ajax.php:0
[21-Feb-2018 01:52:32 UTC] PHP   2. require_once() /home/ubuntu/workspace/wp-admin/admin-ajax.php:22
[21-Feb-2018 01:52:32 UTC] PHP   3. require_once() /home/ubuntu/workspace/wp-load.php:37
[21-Feb-2018 01:52:32 UTC] PHP   4. require_once() /home/ubuntu/workspace/wp-config.php:79
